#
# A fatal error has been detected by the Java Runtime Environment:
#
#  EXCEPTION_ACCESS_VIOLATION (0xc0000005) at pc=0x00007fffea66691c, pid=9908, tid=4872
#
# JRE version: OpenJDK Runtime Environment (21.0.2+13) (build 21.0.2+13-58)
# Java VM: OpenJDK 64-Bit Server VM (21.0.2+13-58, mixed mode, sharing, tiered, compressed oops, compressed class ptrs, g1 gc, windows-amd64)
# Problematic frame:
# C  [jdwp.dll+0x2691c]
#
# No core dump will be written. Minidumps are not enabled by default on client versions of Windows
#
# If you would like to submit a bug report, please visit:
#   https://bugreport.java.com/bugreport/crash.jsp
# The crash happened outside the Java Virtual Machine in native code.
# See problematic frame for where to report the bug.
#

---------------  S U M M A R Y ------------

Command Line: -agentlib:jdwp=transport=dt_socket,address=127.0.0.1:2592,suspend=y,server=n -javaagent:C:\Users\wingyee\AppData\Local\JetBrains\IdeaIC2024.1\captureAgent\debugger-agent.jar -Dfile.encoding=UTF-8 -Dsun.stdout.encoding=UTF-8 -Dsun.stderr.encoding=UTF-8 ShadowMario

Host: Intel(R) Core(TM) i5-10210U CPU @ 1.60GHz, 8 cores, 15G,  Windows 11 , 64 bit Build 22621 (10.0.22621.3374)
Time: Tue May  7 18:25:41 2024  Windows 11 , 64 bit Build 22621 (10.0.22621.3374) elapsed time: 2.849302 seconds (0d 0h 0m 2s)

---------------  T H R E A D  ---------------

Current thread (0x000001e6d560d470):  JavaThread "main"             [_thread_in_native, id=4872, stack(0x000000ab4d300000,0x000000ab4d400000) (1024K)]

Stack: [0x000000ab4d300000,0x000000ab4d400000],  sp=0x000000ab4d3fe0a8,  free space=1016k
Native frames: (J=compiled Java code, j=interpreted, Vv=VM code, C=native code)
C  [jdwp.dll+0x2691c]

Java frames: (J=compiled Java code, j=interpreted, Vv=VM code)
j  org.lwjgl.glfw.GLFW.glfwInit()Z+0
j  bagel.AbstractGame.<clinit>()V+19
v  ~StubRoutines::call_stub 0x000001e6e70f100d

siginfo: EXCEPTION_ACCESS_VIOLATION (0xc0000005), reading address 0xffffffffffffffff


Registers:
RAX=0x000001e6fb042380, RBX=0x000001e6f6735d60, RCX=0x000001e6d560d828, RDX=0x000001e6f6735d60
RSP=0x000000ab4d3fe0a8, RBP=0x0000000000000002, RSI=0x000000ab4d3fe150, RDI=0x000001e6d560d828
R8 =0x0000000000010002, R9 =0x0000000000000000, R10=0x00007ffff9360000, R11=0x000000ab4d3fe078
R12=0x0000000000000007, R13=0x000001e6f6735d60, R14=0x00007fffea670400, R15=0x0000000000000000
RIP=0x00007fffea66691c, EFLAGS=0x0000000000010206


Register to memory mapping:

RAX=0x000001e6fb042380 points into unknown readable memory: 0x0000000000000000 | 00 00 00 00 00 00 00 00
RBX=0x000001e6f6735d60 points into unknown readable memory: 0x0000000715c09c48 | 48 9c c0 15 07 00 00 00
RCX=0x000001e6d560d828 points into unknown readable memory: 0x000001e6fb042380 | 80 23 04 fb e6 01 00 00
RDX=0x000001e6f6735d60 points into unknown readable memory: 0x0000000715c09c48 | 48 9c c0 15 07 00 00 00
RSP=0x000000ab4d3fe0a8 is pointing into the stack for thread: 0x000001e6d560d470
RBP=0x0000000000000002 is an unknown value
RSI=0x000000ab4d3fe150 is pointing into the stack for thread: 0x000001e6d560d470
RDI=0x000001e6d560d828 points into unknown readable memory: 0x000001e6fb042380 | 80 23 04 fb e6 01 00 00
R8 =0x0000000000010002 is an unknown value
R9 =0x0 is null
R10=0x00007ffff9360000 VCRUNTIME140.dll
R11=0x000000ab4d3fe078 is pointing into the stack for thread: 0x000001e6d560d470
R12=0x0000000000000007 is an unknown value
R13=0x000001e6f6735d60 points into unknown readable memory: 0x0000000715c09c48 | 48 9c c0 15 07 00 00 00
R14=0x00007fffea670400 jdwp.dll
R15=0x0 is null

Top of Stack: (sp=0x000000ab4d3fe0a8)
0x000000ab4d3fe0a8:   00007fffea6561bf 000001e6f6735d60
0x000000ab4d3fe0b8:   000000ab4d3fe150 0000000000000000
0x000000ab4d3fe0c8:   0000000000000000 0000000200000007
0x000000ab4d3fe0d8:   000001e6f674ea70 000001e6d5610ba0
0x000000ab4d3fe0e8:   00007fffea670428 000001e6d560da48
0x000000ab4d3fe0f8:   00007fffea65283f 000001e6f6735d60
0x000000ab4d3fe108:   0000000000000002 000001e6d560d828
0x000000ab4d3fe118:   000001e6f6735d68 000000ab4d3fe310
0x000000ab4d3fe128:   000001e6f65ec678 00000005f6940100
0x000000ab4d3fe138:   000001e6810149a0 0000000000000000
0x000000ab4d3fe148:   000001e6f6c37798 0000000000000007
0x000000ab4d3fe158:   000001e6f6735d60 0000000000000000
0x000000ab4d3fe168:   000001e6f6735d68 0000000000000000
0x000000ab4d3fe178:   0000000000000000 0000000000000000
0x000000ab4d3fe188:   0000000000000000 0000000000000000
0x000000ab4d3fe198:   0000000000000000 0000000000000000
0x000000ab4d3fe1a8:   000001e6d560da48 000001e6810149a0
0x000000ab4d3fe1b8:   00007fff92be89e7 000001e6f6735d68
0x000000ab4d3fe1c8:   000001e6f69ac8c0 000001e6d560d470
0x000000ab4d3fe1d8:   00000000000003d8 000030452e1fab05
0x000000ab4d3fe1e8:   000001e6d7779ff0 0000000000000000
0x000000ab4d3fe1f8:   000001e6d560d470 0000000000000000
0x000000ab4d3fe208:   000000ab4d3fe310 000001e6810149a0
0x000000ab4d3fe218:   000001e6f741bd01 000001e6d7772df0
0x000000ab4d3fe228:   000001e6d560dae0 000001e6d560daf0
0x000000ab4d3fe238:   000001e6d560dec8 00000000000003d8
0x000000ab4d3fe248:   000001e6d560d470 000001e6d560d470
0x000000ab4d3fe258:   000001e6d7772cf0 000001e6d777a7b0
0x000000ab4d3fe268:   000001e6d777a7c0 000001e6d777a898
0x000000ab4d3fe278:   00000000000000d8 000000ab4d3fe290
0x000000ab4d3fe288:   00007fff928ed761 000001e6d560d470
0x000000ab4d3fe298:   000001e6d7772cf0 000001e6d777a7b0 

Instructions: (pc=0x00007fffea66691c)
0x00007fffea66681c:   05 df 08 01 00 48 8b 03 48 8b d7 4d 8b 40 30 48
0x00007fffea66682c:   8b cb 48 8b 5c 24 30 48 83 c4 20 5f 48 ff a0 00
0x00007fffea66683c:   01 00 00 cc 48 89 5c 24 08 57 48 83 ec 20 48 8b
0x00007fffea66684c:   f9 e8 f2 ea ff ff 4c 8b 05 a7 08 01 00 48 8b d8
0x00007fffea66685c:   41 f6 80 10 02 00 00 02 74 33 41 b8 20 06 00 00
0x00007fffea66686c:   48 8d 15 15 c4 00 00 48 8d 0d 8a 5b 00 00 e8 d9
0x00007fffea66687c:   48 ff ff 48 8d 15 52 9a 00 00 48 8d 0d 8b 5b 00
0x00007fffea66688c:   00 e8 6e 49 ff ff 4c 8b 05 67 08 01 00 48 8b 03
0x00007fffea66689c:   48 8b d7 4d 8b 40 38 48 8b cb 48 8b 5c 24 30 48
0x00007fffea6668ac:   83 c4 20 5f 48 ff a0 00 01 00 00 cc 48 89 5c 24
0x00007fffea6668bc:   08 57 48 83 ec 20 48 8b f9 e8 7a ea ff ff 48 8b
0x00007fffea6668cc:   15 2f 08 01 00 48 8b d8 f6 82 10 02 00 00 02 74
0x00007fffea6668dc:   2c 41 b8 12 06 00 00 48 8d 15 9e c3 00 00 48 8d
0x00007fffea6668ec:   0d 13 5b 00 00 e8 62 48 ff ff 48 8d 15 f3 6b 00
0x00007fffea6668fc:   00 48 8d 0d 14 5b 00 00 e8 f7 48 ff ff 48 8b 03
0x00007fffea66690c:   48 8b d7 48 8b cb 48 8b 5c 24 30 48 83 c4 20 5f
0x00007fffea66691c:   48 ff a0 50 07 00 00 cc 48 89 5c 24 08 48 89 74
0x00007fffea66692c:   24 10 48 89 7c 24 18 41 56 48 83 ec 20 4c 63 f2
0x00007fffea66693c:   49 8b d8 48 8b d1 41 8b f9 48 8b cb 4d 8d 46 ff
0x00007fffea66694c:   ff 15 1e 59 00 00 85 c0 75 3c 41 0f be 44 1e ff
0x00007fffea66695c:   3b c7 75 32 49 03 de eb 10 0f be c8 ff 15 f2 58
0x00007fffea66696c:   00 00 85 c0 74 09 48 ff c3 8a 03 84 c0 75 ea 80
0x00007fffea66697c:   3b 3b 74 12 8b d7 48 8b cb e8 38 4b 00 00 48 85
0x00007fffea66698c:   c0 0f 94 c0 eb 02 32 c0 48 8b 5c 24 30 48 8b 74
0x00007fffea66699c:   24 38 48 8b 7c 24 40 48 83 c4 20 41 5e c3 cc cc
0x00007fffea6669ac:   0f b6 d1 83 fa 1e 0f 87 83 00 00 00 74 7b 83 fa
0x00007fffea6669bc:   07 77 41 74 39 83 ea 01 74 2e 83 ea 01 74 23 83
0x00007fffea6669cc:   ea 01 74 18 83 ea 01 74 0d 83 fa 02 0f 85 8a 00
0x00007fffea6669dc:   00 00 8d 42 03 c3 b8 04 00 00 00 c3 b8 03 00 00
0x00007fffea6669ec:   00 c3 b8 02 00 00 00 c3 b8 01 00 00 00 c3 b8 06
0x00007fffea6669fc:   00 00 00 c3 b8 08 00 00 00 2b d0 74 26 83 ea 01
0x00007fffea666a0c:   0f 84 88 00 00 00 83 ea 01 74 12 b8 0a 00 00 00 


Stack slot to memory mapping:

stack at sp + 0 slots: 0x00007fffea6561bf jdwp.dll
stack at sp + 1 slots: 0x000001e6f6735d60 points into unknown readable memory: 0x0000000715c09c48 | 48 9c c0 15 07 00 00 00
stack at sp + 2 slots: 0x000000ab4d3fe150 is pointing into the stack for thread: 0x000001e6d560d470
stack at sp + 3 slots: 0x0 is null
stack at sp + 4 slots: 0x0 is null
stack at sp + 5 slots: 0x0000000200000007 is an unknown value
stack at sp + 6 slots: 0x000001e6f674ea70 points into unknown readable memory: 0x000001e6e7690a90 | 90 0a 69 e7 e6 01 00 00
stack at sp + 7 slots: 0x000001e6d5610ba0 points into unknown readable memory: 0x8000001200000001 | 01 00 00 00 12 00 00 80


---------------  P R O C E S S  ---------------

Threads class SMR info:
_java_thread_list=0x000001e6f6b17250, length=14, elements={
0x000001e6d560d470, 0x000001e6f6750670, 0x000001e6f6752440, 0x000001e6f67555d0,
0x000001e6f6756390, 0x000001e6f6756df0, 0x000001e6f6759990, 0x000001e6f67668f0,
0x000001e6f67694d0, 0x000001e6f69230a0, 0x000001e6f6b5fff0, 0x000001e6f6b62ec0,
0x000001e6f6b63540, 0x000001e6f6a64a40
}

Java Threads: ( => current thread )
=>0x000001e6d560d470 JavaThread "main"                              [_thread_in_native, id=4872, stack(0x000000ab4d300000,0x000000ab4d400000) (1024K)]
  0x000001e6f6750670 JavaThread "Reference Handler"          daemon [_thread_blocked, id=11736, stack(0x000000ab4db00000,0x000000ab4dc00000) (1024K)]
  0x000001e6f6752440 JavaThread "Finalizer"                  daemon [_thread_blocked, id=3872, stack(0x000000ab4dc00000,0x000000ab4dd00000) (1024K)]
  0x000001e6f67555d0 JavaThread "Signal Dispatcher"          daemon [_thread_blocked, id=3832, stack(0x000000ab4dd00000,0x000000ab4de00000) (1024K)]
  0x000001e6f6756390 JavaThread "Attach Listener"            daemon [_thread_blocked, id=6032, stack(0x000000ab4de00000,0x000000ab4df00000) (1024K)]
  0x000001e6f6756df0 JavaThread "Service Thread"             daemon [_thread_blocked, id=3040, stack(0x000000ab4df00000,0x000000ab4e000000) (1024K)]
  0x000001e6f6759990 JavaThread "Monitor Deflation Thread"   daemon [_thread_blocked, id=15836, stack(0x000000ab4e000000,0x000000ab4e100000) (1024K)]
  0x000001e6f67668f0 JavaThread "C2 CompilerThread0"         daemon [_thread_blocked, id=24968, stack(0x000000ab4e100000,0x000000ab4e200000) (1024K)]
  0x000001e6f67694d0 JavaThread "C1 CompilerThread0"         daemon [_thread_blocked, id=18804, stack(0x000000ab4e200000,0x000000ab4e300000) (1024K)]
  0x000001e6f69230a0 JavaThread "Common-Cleaner"             daemon [_thread_blocked, id=2692, stack(0x000000ab4e300000,0x000000ab4e400000) (1024K)]
  0x000001e6f6b5fff0 JavaThread "JDWP Transport Listener: dt_socket" daemon [_thread_blocked, id=5208, stack(0x000000ab4e400000,0x000000ab4e500000) (1024K)]
  0x000001e6f6b62ec0 JavaThread "JDWP Event Helper Thread"   daemon [_thread_blocked, id=17308, stack(0x000000ab4e500000,0x000000ab4e600000) (1024K)]
  0x000001e6f6b63540 JavaThread "JDWP Command Reader"        daemon [_thread_in_native, id=17572, stack(0x000000ab4e600000,0x000000ab4e700000) (1024K)]
  0x000001e6f6a64a40 JavaThread "Notification Thread"        daemon [_thread_blocked, id=22012, stack(0x000000ab4e700000,0x000000ab4e800000) (1024K)]
Total: 14

Other Threads:
  0x000001e6f6732e10 VMThread "VM Thread"                           [id=21392, stack(0x000000ab4da00000,0x000000ab4db00000) (1024K)]
  0x000001e6f671b3d0 WatcherThread "VM Periodic Task Thread"        [id=15380, stack(0x000000ab4d900000,0x000000ab4da00000) (1024K)]
  0x000001e6d77e1760 WorkerThread "GC Thread#0"                     [id=19756, stack(0x000000ab4d400000,0x000000ab4d500000) (1024K)]
  0x000001e6d77f22b0 ConcurrentGCThread "G1 Main Marker"            [id=7304, stack(0x000000ab4d500000,0x000000ab4d600000) (1024K)]
  0x000001e6d77f3550 WorkerThread "G1 Conc#0"                       [id=5516, stack(0x000000ab4d600000,0x000000ab4d700000) (1024K)]
  0x000001e6d782e7c0 ConcurrentGCThread "G1 Refine#0"               [id=4076, stack(0x000000ab4d700000,0x000000ab4d800000) (1024K)]
  0x000001e6f65f05b0 ConcurrentGCThread "G1 Service"                [id=26296, stack(0x000000ab4d800000,0x000000ab4d900000) (1024K)]
Total: 7

Threads with active compile tasks:
Total: 0

VM state: not at safepoint (normal execution)

VM Mutex/Monitor currently owned by a thread: None

Heap address: 0x0000000706400000, size: 3996 MB, Compressed Oops mode: Zero based, Oop shift amount: 3

CDS archive(s) mapped at: [0x000001e680000000-0x000001e680c90000-0x000001e680c90000), size 13172736, SharedBaseAddress: 0x000001e680000000, ArchiveRelocationMode: 1.
Compressed class space mapped at: 0x000001e681000000-0x000001e6c1000000, reserved size: 1073741824
Narrow klass base: 0x000001e680000000, Narrow klass shift: 0, Narrow klass range: 0x100000000

GC Precious Log:
 CardTable entry size: 512
 Card Set container configuration: InlinePtr #cards 4 size 8 Array Of Cards #cards 16 size 48 Howl #buckets 8 coarsen threshold 3686 Howl Bitmap #cards 512 size 80 coarsen threshold 460 Card regions per heap region 1 cards per card region 4096
 CPUs: 8 total, 8 available
 Memory: 15977M
 Large Page Support: Disabled
 NUMA Support: Disabled
 Compressed Oops: Enabled (Zero based)
 Heap Region Size: 2M
 Heap Min Capacity: 8M
 Heap Initial Capacity: 250M
 Heap Max Capacity: 3996M
 Pre-touch: Disabled
 Parallel Workers: 8
 Concurrent Workers: 2
 Concurrent Refinement Workers: 8
 Periodic GC: Disabled

Heap:
 garbage-first heap   total 256000K, used 6144K [0x0000000706400000, 0x0000000800000000)
  region size 2048K, 4 young (8192K), 0 survivors (0K)
 Metaspace       used 2009K, committed 2176K, reserved 1114112K
  class space    used 156K, committed 256K, reserved 1048576K

Heap Regions: E=young(eden), S=young(survivor), O=old, HS=humongous(starts), HC=humongous(continues), CS=collection set, F=free, TAMS=top-at-mark-start, PB=parsable bottom
|   0|0x0000000706400000, 0x0000000706400000, 0x0000000706600000|  0%| F|  |TAMS 0x0000000706400000| PB 0x0000000706400000| Untracked 
|   1|0x0000000706600000, 0x0000000706600000, 0x0000000706800000|  0%| F|  |TAMS 0x0000000706600000| PB 0x0000000706600000| Untracked 
|   2|0x0000000706800000, 0x0000000706800000, 0x0000000706a00000|  0%| F|  |TAMS 0x0000000706800000| PB 0x0000000706800000| Untracked 
|   3|0x0000000706a00000, 0x0000000706a00000, 0x0000000706c00000|  0%| F|  |TAMS 0x0000000706a00000| PB 0x0000000706a00000| Untracked 
|   4|0x0000000706c00000, 0x0000000706c00000, 0x0000000706e00000|  0%| F|  |TAMS 0x0000000706c00000| PB 0x0000000706c00000| Untracked 
|   5|0x0000000706e00000, 0x0000000706e00000, 0x0000000707000000|  0%| F|  |TAMS 0x0000000706e00000| PB 0x0000000706e00000| Untracked 
|   6|0x0000000707000000, 0x0000000707000000, 0x0000000707200000|  0%| F|  |TAMS 0x0000000707000000| PB 0x0000000707000000| Untracked 
|   7|0x0000000707200000, 0x0000000707200000, 0x0000000707400000|  0%| F|  |TAMS 0x0000000707200000| PB 0x0000000707200000| Untracked 
|   8|0x0000000707400000, 0x0000000707400000, 0x0000000707600000|  0%| F|  |TAMS 0x0000000707400000| PB 0x0000000707400000| Untracked 
|   9|0x0000000707600000, 0x0000000707600000, 0x0000000707800000|  0%| F|  |TAMS 0x0000000707600000| PB 0x0000000707600000| Untracked 
|  10|0x0000000707800000, 0x0000000707800000, 0x0000000707a00000|  0%| F|  |TAMS 0x0000000707800000| PB 0x0000000707800000| Untracked 
|  11|0x0000000707a00000, 0x0000000707a00000, 0x0000000707c00000|  0%| F|  |TAMS 0x0000000707a00000| PB 0x0000000707a00000| Untracked 
|  12|0x0000000707c00000, 0x0000000707c00000, 0x0000000707e00000|  0%| F|  |TAMS 0x0000000707c00000| PB 0x0000000707c00000| Untracked 
|  13|0x0000000707e00000, 0x0000000707e00000, 0x0000000708000000|  0%| F|  |TAMS 0x0000000707e00000| PB 0x0000000707e00000| Untracked 
|  14|0x0000000708000000, 0x0000000708000000, 0x0000000708200000|  0%| F|  |TAMS 0x0000000708000000| PB 0x0000000708000000| Untracked 
|  15|0x0000000708200000, 0x0000000708200000, 0x0000000708400000|  0%| F|  |TAMS 0x0000000708200000| PB 0x0000000708200000| Untracked 
|  16|0x0000000708400000, 0x0000000708400000, 0x0000000708600000|  0%| F|  |TAMS 0x0000000708400000| PB 0x0000000708400000| Untracked 
|  17|0x0000000708600000, 0x0000000708600000, 0x0000000708800000|  0%| F|  |TAMS 0x0000000708600000| PB 0x0000000708600000| Untracked 
|  18|0x0000000708800000, 0x0000000708800000, 0x0000000708a00000|  0%| F|  |TAMS 0x0000000708800000| PB 0x0000000708800000| Untracked 
|  19|0x0000000708a00000, 0x0000000708a00000, 0x0000000708c00000|  0%| F|  |TAMS 0x0000000708a00000| PB 0x0000000708a00000| Untracked 
|  20|0x0000000708c00000, 0x0000000708c00000, 0x0000000708e00000|  0%| F|  |TAMS 0x0000000708c00000| PB 0x0000000708c00000| Untracked 
|  21|0x0000000708e00000, 0x0000000708e00000, 0x0000000709000000|  0%| F|  |TAMS 0x0000000708e00000| PB 0x0000000708e00000| Untracked 
|  22|0x0000000709000000, 0x0000000709000000, 0x0000000709200000|  0%| F|  |TAMS 0x0000000709000000| PB 0x0000000709000000| Untracked 
|  23|0x0000000709200000, 0x0000000709200000, 0x0000000709400000|  0%| F|  |TAMS 0x0000000709200000| PB 0x0000000709200000| Untracked 
|  24|0x0000000709400000, 0x0000000709400000, 0x0000000709600000|  0%| F|  |TAMS 0x0000000709400000| PB 0x0000000709400000| Untracked 
|  25|0x0000000709600000, 0x0000000709600000, 0x0000000709800000|  0%| F|  |TAMS 0x0000000709600000| PB 0x0000000709600000| Untracked 
|  26|0x0000000709800000, 0x0000000709800000, 0x0000000709a00000|  0%| F|  |TAMS 0x0000000709800000| PB 0x0000000709800000| Untracked 
|  27|0x0000000709a00000, 0x0000000709a00000, 0x0000000709c00000|  0%| F|  |TAMS 0x0000000709a00000| PB 0x0000000709a00000| Untracked 
|  28|0x0000000709c00000, 0x0000000709c00000, 0x0000000709e00000|  0%| F|  |TAMS 0x0000000709c00000| PB 0x0000000709c00000| Untracked 
|  29|0x0000000709e00000, 0x0000000709e00000, 0x000000070a000000|  0%| F|  |TAMS 0x0000000709e00000| PB 0x0000000709e00000| Untracked 
|  30|0x000000070a000000, 0x000000070a000000, 0x000000070a200000|  0%| F|  |TAMS 0x000000070a000000| PB 0x000000070a000000| Untracked 
|  31|0x000000070a200000, 0x000000070a200000, 0x000000070a400000|  0%| F|  |TAMS 0x000000070a200000| PB 0x000000070a200000| Untracked 
|  32|0x000000070a400000, 0x000000070a400000, 0x000000070a600000|  0%| F|  |TAMS 0x000000070a400000| PB 0x000000070a400000| Untracked 
|  33|0x000000070a600000, 0x000000070a600000, 0x000000070a800000|  0%| F|  |TAMS 0x000000070a600000| PB 0x000000070a600000| Untracked 
|  34|0x000000070a800000, 0x000000070a800000, 0x000000070aa00000|  0%| F|  |TAMS 0x000000070a800000| PB 0x000000070a800000| Untracked 
|  35|0x000000070aa00000, 0x000000070aa00000, 0x000000070ac00000|  0%| F|  |TAMS 0x000000070aa00000| PB 0x000000070aa00000| Untracked 
|  36|0x000000070ac00000, 0x000000070ac00000, 0x000000070ae00000|  0%| F|  |TAMS 0x000000070ac00000| PB 0x000000070ac00000| Untracked 
|  37|0x000000070ae00000, 0x000000070ae00000, 0x000000070b000000|  0%| F|  |TAMS 0x000000070ae00000| PB 0x000000070ae00000| Untracked 
|  38|0x000000070b000000, 0x000000070b000000, 0x000000070b200000|  0%| F|  |TAMS 0x000000070b000000| PB 0x000000070b000000| Untracked 
|  39|0x000000070b200000, 0x000000070b200000, 0x000000070b400000|  0%| F|  |TAMS 0x000000070b200000| PB 0x000000070b200000| Untracked 
|  40|0x000000070b400000, 0x000000070b400000, 0x000000070b600000|  0%| F|  |TAMS 0x000000070b400000| PB 0x000000070b400000| Untracked 
|  41|0x000000070b600000, 0x000000070b600000, 0x000000070b800000|  0%| F|  |TAMS 0x000000070b600000| PB 0x000000070b600000| Untracked 
|  42|0x000000070b800000, 0x000000070b800000, 0x000000070ba00000|  0%| F|  |TAMS 0x000000070b800000| PB 0x000000070b800000| Untracked 
|  43|0x000000070ba00000, 0x000000070ba00000, 0x000000070bc00000|  0%| F|  |TAMS 0x000000070ba00000| PB 0x000000070ba00000| Untracked 
|  44|0x000000070bc00000, 0x000000070bc00000, 0x000000070be00000|  0%| F|  |TAMS 0x000000070bc00000| PB 0x000000070bc00000| Untracked 
|  45|0x000000070be00000, 0x000000070be00000, 0x000000070c000000|  0%| F|  |TAMS 0x000000070be00000| PB 0x000000070be00000| Untracked 
|  46|0x000000070c000000, 0x000000070c000000, 0x000000070c200000|  0%| F|  |TAMS 0x000000070c000000| PB 0x000000070c000000| Untracked 
|  47|0x000000070c200000, 0x000000070c200000, 0x000000070c400000|  0%| F|  |TAMS 0x000000070c200000| PB 0x000000070c200000| Untracked 
|  48|0x000000070c400000, 0x000000070c400000, 0x000000070c600000|  0%| F|  |TAMS 0x000000070c400000| PB 0x000000070c400000| Untracked 
|  49|0x000000070c600000, 0x000000070c600000, 0x000000070c800000|  0%| F|  |TAMS 0x000000070c600000| PB 0x000000070c600000| Untracked 
|  50|0x000000070c800000, 0x000000070c800000, 0x000000070ca00000|  0%| F|  |TAMS 0x000000070c800000| PB 0x000000070c800000| Untracked 
|  51|0x000000070ca00000, 0x000000070ca00000, 0x000000070cc00000|  0%| F|  |TAMS 0x000000070ca00000| PB 0x000000070ca00000| Untracked 
|  52|0x000000070cc00000, 0x000000070cc00000, 0x000000070ce00000|  0%| F|  |TAMS 0x000000070cc00000| PB 0x000000070cc00000| Untracked 
|  53|0x000000070ce00000, 0x000000070ce00000, 0x000000070d000000|  0%| F|  |TAMS 0x000000070ce00000| PB 0x000000070ce00000| Untracked 
|  54|0x000000070d000000, 0x000000070d000000, 0x000000070d200000|  0%| F|  |TAMS 0x000000070d000000| PB 0x000000070d000000| Untracked 
|  55|0x000000070d200000, 0x000000070d200000, 0x000000070d400000|  0%| F|  |TAMS 0x000000070d200000| PB 0x000000070d200000| Untracked 
|  56|0x000000070d400000, 0x000000070d400000, 0x000000070d600000|  0%| F|  |TAMS 0x000000070d400000| PB 0x000000070d400000| Untracked 
|  57|0x000000070d600000, 0x000000070d600000, 0x000000070d800000|  0%| F|  |TAMS 0x000000070d600000| PB 0x000000070d600000| Untracked 
|  58|0x000000070d800000, 0x000000070d800000, 0x000000070da00000|  0%| F|  |TAMS 0x000000070d800000| PB 0x000000070d800000| Untracked 
|  59|0x000000070da00000, 0x000000070da00000, 0x000000070dc00000|  0%| F|  |TAMS 0x000000070da00000| PB 0x000000070da00000| Untracked 
|  60|0x000000070dc00000, 0x000000070dc00000, 0x000000070de00000|  0%| F|  |TAMS 0x000000070dc00000| PB 0x000000070dc00000| Untracked 
|  61|0x000000070de00000, 0x000000070de00000, 0x000000070e000000|  0%| F|  |TAMS 0x000000070de00000| PB 0x000000070de00000| Untracked 
|  62|0x000000070e000000, 0x000000070e000000, 0x000000070e200000|  0%| F|  |TAMS 0x000000070e000000| PB 0x000000070e000000| Untracked 
|  63|0x000000070e200000, 0x000000070e200000, 0x000000070e400000|  0%| F|  |TAMS 0x000000070e200000| PB 0x000000070e200000| Untracked 
|  64|0x000000070e400000, 0x000000070e400000, 0x000000070e600000|  0%| F|  |TAMS 0x000000070e400000| PB 0x000000070e400000| Untracked 
|  65|0x000000070e600000, 0x000000070e600000, 0x000000070e800000|  0%| F|  |TAMS 0x000000070e600000| PB 0x000000070e600000| Untracked 
|  66|0x000000070e800000, 0x000000070e800000, 0x000000070ea00000|  0%| F|  |TAMS 0x000000070e800000| PB 0x000000070e800000| Untracked 
|  67|0x000000070ea00000, 0x000000070ea00000, 0x000000070ec00000|  0%| F|  |TAMS 0x000000070ea00000| PB 0x000000070ea00000| Untracked 
|  68|0x000000070ec00000, 0x000000070ec00000, 0x000000070ee00000|  0%| F|  |TAMS 0x000000070ec00000| PB 0x000000070ec00000| Untracked 
|  69|0x000000070ee00000, 0x000000070ee00000, 0x000000070f000000|  0%| F|  |TAMS 0x000000070ee00000| PB 0x000000070ee00000| Untracked 
|  70|0x000000070f000000, 0x000000070f000000, 0x000000070f200000|  0%| F|  |TAMS 0x000000070f000000| PB 0x000000070f000000| Untracked 
|  71|0x000000070f200000, 0x000000070f200000, 0x000000070f400000|  0%| F|  |TAMS 0x000000070f200000| PB 0x000000070f200000| Untracked 
|  72|0x000000070f400000, 0x000000070f400000, 0x000000070f600000|  0%| F|  |TAMS 0x000000070f400000| PB 0x000000070f400000| Untracked 
|  73|0x000000070f600000, 0x000000070f600000, 0x000000070f800000|  0%| F|  |TAMS 0x000000070f600000| PB 0x000000070f600000| Untracked 
|  74|0x000000070f800000, 0x000000070f800000, 0x000000070fa00000|  0%| F|  |TAMS 0x000000070f800000| PB 0x000000070f800000| Untracked 
|  75|0x000000070fa00000, 0x000000070fa00000, 0x000000070fc00000|  0%| F|  |TAMS 0x000000070fa00000| PB 0x000000070fa00000| Untracked 
|  76|0x000000070fc00000, 0x000000070fc00000, 0x000000070fe00000|  0%| F|  |TAMS 0x000000070fc00000| PB 0x000000070fc00000| Untracked 
|  77|0x000000070fe00000, 0x000000070fe00000, 0x0000000710000000|  0%| F|  |TAMS 0x000000070fe00000| PB 0x000000070fe00000| Untracked 
|  78|0x0000000710000000, 0x0000000710000000, 0x0000000710200000|  0%| F|  |TAMS 0x0000000710000000| PB 0x0000000710000000| Untracked 
|  79|0x0000000710200000, 0x0000000710200000, 0x0000000710400000|  0%| F|  |TAMS 0x0000000710200000| PB 0x0000000710200000| Untracked 
|  80|0x0000000710400000, 0x0000000710400000, 0x0000000710600000|  0%| F|  |TAMS 0x0000000710400000| PB 0x0000000710400000| Untracked 
|  81|0x0000000710600000, 0x0000000710600000, 0x0000000710800000|  0%| F|  |TAMS 0x0000000710600000| PB 0x0000000710600000| Untracked 
|  82|0x0000000710800000, 0x0000000710800000, 0x0000000710a00000|  0%| F|  |TAMS 0x0000000710800000| PB 0x0000000710800000| Untracked 
|  83|0x0000000710a00000, 0x0000000710a00000, 0x0000000710c00000|  0%| F|  |TAMS 0x0000000710a00000| PB 0x0000000710a00000| Untracked 
|  84|0x0000000710c00000, 0x0000000710c00000, 0x0000000710e00000|  0%| F|  |TAMS 0x0000000710c00000| PB 0x0000000710c00000| Untracked 
|  85|0x0000000710e00000, 0x0000000710e00000, 0x0000000711000000|  0%| F|  |TAMS 0x0000000710e00000| PB 0x0000000710e00000| Untracked 
|  86|0x0000000711000000, 0x0000000711000000, 0x0000000711200000|  0%| F|  |TAMS 0x0000000711000000| PB 0x0000000711000000| Untracked 
|  87|0x0000000711200000, 0x0000000711200000, 0x0000000711400000|  0%| F|  |TAMS 0x0000000711200000| PB 0x0000000711200000| Untracked 
|  88|0x0000000711400000, 0x0000000711400000, 0x0000000711600000|  0%| F|  |TAMS 0x0000000711400000| PB 0x0000000711400000| Untracked 
|  89|0x0000000711600000, 0x0000000711600000, 0x0000000711800000|  0%| F|  |TAMS 0x0000000711600000| PB 0x0000000711600000| Untracked 
|  90|0x0000000711800000, 0x0000000711800000, 0x0000000711a00000|  0%| F|  |TAMS 0x0000000711800000| PB 0x0000000711800000| Untracked 
|  91|0x0000000711a00000, 0x0000000711a00000, 0x0000000711c00000|  0%| F|  |TAMS 0x0000000711a00000| PB 0x0000000711a00000| Untracked 
|  92|0x0000000711c00000, 0x0000000711c00000, 0x0000000711e00000|  0%| F|  |TAMS 0x0000000711c00000| PB 0x0000000711c00000| Untracked 
|  93|0x0000000711e00000, 0x0000000711e00000, 0x0000000712000000|  0%| F|  |TAMS 0x0000000711e00000| PB 0x0000000711e00000| Untracked 
|  94|0x0000000712000000, 0x0000000712000000, 0x0000000712200000|  0%| F|  |TAMS 0x0000000712000000| PB 0x0000000712000000| Untracked 
|  95|0x0000000712200000, 0x0000000712200000, 0x0000000712400000|  0%| F|  |TAMS 0x0000000712200000| PB 0x0000000712200000| Untracked 
|  96|0x0000000712400000, 0x0000000712400000, 0x0000000712600000|  0%| F|  |TAMS 0x0000000712400000| PB 0x0000000712400000| Untracked 
|  97|0x0000000712600000, 0x0000000712600000, 0x0000000712800000|  0%| F|  |TAMS 0x0000000712600000| PB 0x0000000712600000| Untracked 
|  98|0x0000000712800000, 0x0000000712800000, 0x0000000712a00000|  0%| F|  |TAMS 0x0000000712800000| PB 0x0000000712800000| Untracked 
|  99|0x0000000712a00000, 0x0000000712a00000, 0x0000000712c00000|  0%| F|  |TAMS 0x0000000712a00000| PB 0x0000000712a00000| Untracked 
| 100|0x0000000712c00000, 0x0000000712c00000, 0x0000000712e00000|  0%| F|  |TAMS 0x0000000712c00000| PB 0x0000000712c00000| Untracked 
| 101|0x0000000712e00000, 0x0000000712e00000, 0x0000000713000000|  0%| F|  |TAMS 0x0000000712e00000| PB 0x0000000712e00000| Untracked 
| 102|0x0000000713000000, 0x0000000713000000, 0x0000000713200000|  0%| F|  |TAMS 0x0000000713000000| PB 0x0000000713000000| Untracked 
| 103|0x0000000713200000, 0x0000000713200000, 0x0000000713400000|  0%| F|  |TAMS 0x0000000713200000| PB 0x0000000713200000| Untracked 
| 104|0x0000000713400000, 0x0000000713400000, 0x0000000713600000|  0%| F|  |TAMS 0x0000000713400000| PB 0x0000000713400000| Untracked 
| 105|0x0000000713600000, 0x0000000713600000, 0x0000000713800000|  0%| F|  |TAMS 0x0000000713600000| PB 0x0000000713600000| Untracked 
| 106|0x0000000713800000, 0x0000000713800000, 0x0000000713a00000|  0%| F|  |TAMS 0x0000000713800000| PB 0x0000000713800000| Untracked 
| 107|0x0000000713a00000, 0x0000000713a00000, 0x0000000713c00000|  0%| F|  |TAMS 0x0000000713a00000| PB 0x0000000713a00000| Untracked 
| 108|0x0000000713c00000, 0x0000000713c00000, 0x0000000713e00000|  0%| F|  |TAMS 0x0000000713c00000| PB 0x0000000713c00000| Untracked 
| 109|0x0000000713e00000, 0x0000000713e00000, 0x0000000714000000|  0%| F|  |TAMS 0x0000000713e00000| PB 0x0000000713e00000| Untracked 
| 110|0x0000000714000000, 0x0000000714000000, 0x0000000714200000|  0%| F|  |TAMS 0x0000000714000000| PB 0x0000000714000000| Untracked 
| 111|0x0000000714200000, 0x0000000714200000, 0x0000000714400000|  0%| F|  |TAMS 0x0000000714200000| PB 0x0000000714200000| Untracked 
| 112|0x0000000714400000, 0x0000000714400000, 0x0000000714600000|  0%| F|  |TAMS 0x0000000714400000| PB 0x0000000714400000| Untracked 
| 113|0x0000000714600000, 0x0000000714600000, 0x0000000714800000|  0%| F|  |TAMS 0x0000000714600000| PB 0x0000000714600000| Untracked 
| 114|0x0000000714800000, 0x0000000714800000, 0x0000000714a00000|  0%| F|  |TAMS 0x0000000714800000| PB 0x0000000714800000| Untracked 
| 115|0x0000000714a00000, 0x0000000714a00000, 0x0000000714c00000|  0%| F|  |TAMS 0x0000000714a00000| PB 0x0000000714a00000| Untracked 
| 116|0x0000000714c00000, 0x0000000714c00000, 0x0000000714e00000|  0%| F|  |TAMS 0x0000000714c00000| PB 0x0000000714c00000| Untracked 
| 117|0x0000000714e00000, 0x0000000714e00000, 0x0000000715000000|  0%| F|  |TAMS 0x0000000714e00000| PB 0x0000000714e00000| Untracked 
| 118|0x0000000715000000, 0x0000000715000000, 0x0000000715200000|  0%| F|  |TAMS 0x0000000715000000| PB 0x0000000715000000| Untracked 
| 119|0x0000000715200000, 0x0000000715200000, 0x0000000715400000|  0%| F|  |TAMS 0x0000000715200000| PB 0x0000000715200000| Untracked 
| 120|0x0000000715400000, 0x0000000715400000, 0x0000000715600000|  0%| F|  |TAMS 0x0000000715400000| PB 0x0000000715400000| Untracked 
| 121|0x0000000715600000, 0x0000000715800000, 0x0000000715800000|100%| E|  |TAMS 0x0000000715600000| PB 0x0000000715600000| Complete 
| 122|0x0000000715800000, 0x0000000715a00000, 0x0000000715a00000|100%| E|CS|TAMS 0x0000000715800000| PB 0x0000000715800000| Complete 
| 123|0x0000000715a00000, 0x0000000715c00000, 0x0000000715c00000|100%| E|CS|TAMS 0x0000000715a00000| PB 0x0000000715a00000| Complete 
| 124|0x0000000715c00000, 0x0000000715e00000, 0x0000000715e00000|100%| E|CS|TAMS 0x0000000715c00000| PB 0x0000000715c00000| Complete 

Card table byte_map: [0x000001e6ef6c0000,0x000001e6efe90000] _byte_map_base: 0x000001e6ebe8e000

Marking Bits: (CMBitMap*) 0x000001e6d77e1e60
 Bits: [0x000001e6efe90000, 0x000001e6f3d00000)

Polling page: 0x000001e6d6f30000

Metaspace:

Usage:
  Non-class:      1.81 MB used.
      Class:    156.23 KB used.
       Both:      1.96 MB used.

Virtual space:
  Non-class space:       64.00 MB reserved,       1.88 MB (  3%) committed,  1 nodes.
      Class space:        1.00 GB reserved,     256.00 KB ( <1%) committed,  1 nodes.
             Both:        1.06 GB reserved,       2.12 MB ( <1%) committed. 

Chunk freelists:
   Non-Class:  11.39 MB
       Class:  15.66 MB
        Both:  27.05 MB

MaxMetaspaceSize: unlimited
CompressedClassSpaceSize: 1.00 GB
Initial GC threshold: 21.00 MB
Current GC threshold: 21.00 MB
CDS: on
 - commit_granule_bytes: 65536.
 - commit_granule_words: 8192.
 - virtual_space_node_default_size: 8388608.
 - enlarge_chunks_in_place: 1.
 - use_allocation_guard: 0.


Internal statistics:

num_allocs_failed_limit: 0.
num_arena_births: 74.
num_arena_deaths: 0.
num_vsnodes_births: 2.
num_vsnodes_deaths: 0.
num_space_committed: 34.
num_space_uncommitted: 0.
num_chunks_returned_to_freelist: 0.
num_chunks_taken_from_freelist: 112.
num_chunk_merges: 0.
num_chunk_splits: 74.
num_chunks_enlarged: 47.
num_inconsistent_stats: 0.

CodeHeap 'non-profiled nmethods': size=120000Kb used=150Kb max_used=150Kb free=119849Kb
 bounds [0x000001e6e7690000, 0x000001e6e7900000, 0x000001e6eebc0000]
CodeHeap 'profiled nmethods': size=120000Kb used=636Kb max_used=636Kb free=119363Kb
 bounds [0x000001e6dfbc0000, 0x000001e6dfe30000, 0x000001e6e70f0000]
CodeHeap 'non-nmethods': size=5760Kb used=1398Kb max_used=1412Kb free=4361Kb
 bounds [0x000001e6e70f0000, 0x000001e6e7360000, 0x000001e6e7690000]
 total_blobs=909 nmethods=467 adapters=347
 compilation: enabled
              stopped_count=0, restarted_count=0
 full_count=0

Compilation events (20 events):
Event: 2.783 Thread 0x000001e6f67694d0 nmethod 457 0x000001e6dfc5cf90 code [0x000001e6dfc5d160, 0x000001e6dfc5d430]
Event: 2.797 Thread 0x000001e6f67668f0 nmethod 458% 0x000001e6e76b4f10 code [0x000001e6e76b50a0, 0x000001e6e76b5318]
Event: 2.802 Thread 0x000001e6f67694d0  459       1       java.security.CodeSource::getLocationNoFragString (5 bytes)
Event: 2.802 Thread 0x000001e6f67694d0 nmethod 459 0x000001e6e76b5490 code [0x000001e6e76b5620, 0x000001e6e76b56f0]
Event: 2.804 Thread 0x000001e6f67668f0  460       4       java.util.concurrent.ConcurrentHashMap::tabAt (22 bytes)
Event: 2.806 Thread 0x000001e6f67668f0 nmethod 460 0x000001e6e76b5790 code [0x000001e6e76b5900, 0x000001e6e76b5978]
Event: 2.807 Thread 0x000001e6f67694d0  461       3       java.util.concurrent.ConcurrentHashMap$BaseIterator::hasNext (13 bytes)
Event: 2.807 Thread 0x000001e6f67694d0 nmethod 461 0x000001e6dfc5d510 code [0x000001e6dfc5d6a0, 0x000001e6dfc5d810]
Event: 2.815 Thread 0x000001e6f67694d0  462       3       java.util.concurrent.ConcurrentHashMap$ValueIterator::next (34 bytes)
Event: 2.816 Thread 0x000001e6f67694d0 nmethod 462 0x000001e6dfc5d890 code [0x000001e6dfc5da60, 0x000001e6dfc5dcf8]
Event: 2.816 Thread 0x000001e6f67694d0  463       3       jdk.internal.jimage.ImageStringsReader::hashCode (33 bytes)
Event: 2.816 Thread 0x000001e6f67694d0 nmethod 463 0x000001e6dfc5de10 code [0x000001e6dfc5dfc0, 0x000001e6dfc5e140]
Event: 2.816 Thread 0x000001e6f67694d0  464       3       java.util.Optional::empty (6 bytes)
Event: 2.816 Thread 0x000001e6f67694d0 nmethod 464 0x000001e6dfc5e210 code [0x000001e6dfc5e3a0, 0x000001e6dfc5e498]
Event: 2.817 Thread 0x000001e6f67694d0  465       3       java.util.Objects::checkIndex (7 bytes)
Event: 2.817 Thread 0x000001e6f67694d0 nmethod 465 0x000001e6dfc5e510 code [0x000001e6dfc5e6c0, 0x000001e6dfc5e7f8]
Event: 2.817 Thread 0x000001e6f67694d0  467       3       java.lang.Integer::stringSize (47 bytes)
Event: 2.818 Thread 0x000001e6f67694d0 nmethod 467 0x000001e6dfc5e890 code [0x000001e6dfc5ea40, 0x000001e6dfc5ec98]
Event: 2.818 Thread 0x000001e6f67694d0  466       3       sun.net.util.IPAddressUtil::earlyURLParsing (12 bytes)
Event: 2.818 Thread 0x000001e6f67694d0 nmethod 466 0x000001e6dfc5ed90 code [0x000001e6dfc5ef20, 0x000001e6dfc5f030]

GC Heap History (0 events):
No events

Dll operation events (9 events):
Event: 0.129 Loaded shared library C:\Users\wingyee\.jdks\openjdk-21.0.2\bin\java.dll
Event: 0.145 Loaded shared library C:\Users\wingyee\.jdks\openjdk-21.0.2\bin\zip.dll
Event: 0.272 Loaded shared library C:\Users\wingyee\.jdks\openjdk-21.0.2\bin\jsvml.dll
Event: 1.752 Loaded shared library C:\Users\wingyee\.jdks\openjdk-21.0.2\bin\instrument.dll
Event: 1.899 Loaded shared library C:\Users\wingyee\.jdks\openjdk-21.0.2\bin\net.dll
Event: 1.910 Loaded shared library C:\Users\wingyee\.jdks\openjdk-21.0.2\bin\nio.dll
Event: 1.956 Loaded shared library C:\Users\wingyee\.jdks\openjdk-21.0.2\bin\zip.dll
Event: 2.352 Loaded shared library C:\Users\wingyee\.jdks\openjdk-21.0.2\bin\jimage.dll
Event: 2.622 Loaded shared library C:\Users\wingyee\AppData\Local\Temp\lwjglwingyee\3.3.1-build-7\lwjgl.dll

Deoptimization events (8 events):
Event: 1.834 Thread 0x000001e6d560d470 Uncommon trap: trap_request=0xffffff45 fr.pc=0x000001e6e76a2e10 relative=0x0000000000000070
Event: 1.834 Thread 0x000001e6d560d470 Uncommon trap: reason=unstable_if action=reinterpret pc=0x000001e6e76a2e10 method=java.lang.String.isLatin1()Z @ 10 c2
Event: 1.834 Thread 0x000001e6d560d470 DEOPT PACKING pc=0x000001e6e76a2e10 sp=0x000000ab4d3fe180
Event: 1.834 Thread 0x000001e6d560d470 DEOPT UNPACKING pc=0x000001e6e71446a2 sp=0x000000ab4d3fe120 mode 2
Event: 1.835 Thread 0x000001e6d560d470 Uncommon trap: trap_request=0xffffff45 fr.pc=0x000001e6e76a0f84 relative=0x00000000000000e4
Event: 1.835 Thread 0x000001e6d560d470 Uncommon trap: reason=unstable_if action=reinterpret pc=0x000001e6e76a0f84 method=java.lang.String.isLatin1()Z @ 10 c2
Event: 1.835 Thread 0x000001e6d560d470 DEOPT PACKING pc=0x000001e6e76a0f84 sp=0x000000ab4d3feca0
Event: 1.835 Thread 0x000001e6d560d470 DEOPT UNPACKING pc=0x000001e6e71446a2 sp=0x000000ab4d3febf0 mode 2

Classes loaded (20 events):
Event: 2.786 Loading class java/nio/BufferUnderflowException
Event: 2.786 Loading class java/nio/BufferUnderflowException done
Event: 2.787 Loading class org/lwjgl/system/MemoryStack
Event: 2.787 Loading class org/lwjgl/system/MemoryStack done
Event: 2.791 Loading class org/lwjgl/system/MemoryStack$DebugMemoryStack
Event: 2.791 Loading class org/lwjgl/system/MemoryStack$DebugMemoryStack done
Event: 2.793 Loading class java/lang/IndexOutOfBoundsException
Event: 2.793 Loading class java/lang/IndexOutOfBoundsException done
Event: 2.796 Loading class org/lwjgl/system/MemoryStack
Event: 2.796 Loading class org/lwjgl/system/MemoryStack done
Event: 2.797 Loading class org/lwjgl/system/MemoryStack
Event: 2.797 Loading class org/lwjgl/system/MemoryStack done
Event: 2.798 Loading class org/lwjgl/BufferUtils
Event: 2.798 Loading class org/lwjgl/BufferUtils done
Event: 2.801 Loading class org/lwjgl/system/windows/WinBase
Event: 2.801 Loading class org/lwjgl/system/windows/WinBase done
Event: 2.804 Loading class org/lwjgl/system/ThreadLocalUtil
Event: 2.804 Loading class org/lwjgl/system/ThreadLocalUtil done
Event: 2.817 Loading class org/lwjgl/glfw/GLFW$Functions
Event: 2.817 Loading class org/lwjgl/glfw/GLFW$Functions done

Classes unloaded (0 events):
No events

Classes redefined (0 events):
No events

Internal exceptions (19 events):
Event: 1.757 Thread 0x000001e6d560d470 Exception <a 'java/lang/NoSuchMethodError'{0x0000000715aee740}: 'void java.lang.invoke.DirectMethodHandle$Holder.invokeStatic(java.lang.Object, java.lang.Object, java.lang.Object)'> (0x0000000715aee740) 
thrown [s\open\src\hotspot\share\interpreter\linkResolver.cpp, line 773]
Event: 1.790 Thread 0x000001e6d560d470 Exception <a 'java/lang/NoSuchMethodError'{0x0000000715b05c48}: 'java.lang.Object java.lang.invoke.Invokers$Holder.invokeExact_MT(java.lang.Object, java.lang.Object, java.lang.Object, java.lang.Object, java.lang.Object)'> (0x0000000715b05c48) 
thrown [s\open\src\hotspot\share\interpreter\linkResolver.cpp, line 773]
Event: 2.240 Thread 0x000001e6d560d470 Exception <a 'java/lang/NoSuchMethodError'{0x00000007159d2f00}: 'void java.lang.invoke.DirectMethodHandle$Holder.invokeStatic(java.lang.Object, java.lang.Object)'> (0x00000007159d2f00) 
thrown [s\open\src\hotspot\share\interpreter\linkResolver.cpp, line 773]
Event: 2.246 Thread 0x000001e6d560d470 Exception <a 'java/lang/NoSuchMethodError'{0x00000007159dd568}: 'void java.lang.System.load(java.lang.String, java.lang.Class)'> (0x00000007159dd568) 
thrown [s\open\src\hotspot\share\interpreter\linkResolver.cpp, line 773]
Event: 2.247 Thread 0x000001e6d560d470 Exception <a 'java/lang/NoSuchMethodError'{0x00000007159ddf38}: 'void java.lang.invoke.DirectMethodHandle$Holder.invokeSpecial(java.lang.Object, java.lang.Object, java.lang.Object)'> (0x00000007159ddf38) 
thrown [s\open\src\hotspot\share\interpreter\linkResolver.cpp, line 773]
Event: 2.260 Thread 0x000001e6d560d470 Exception <a 'java/lang/NoSuchMethodError'{0x00000007159f17a0}: 'java.lang.Object java.lang.invoke.DirectMethodHandle$Holder.invokeStatic(java.lang.Object, java.lang.Object, int)'> (0x00000007159f17a0) 
thrown [s\open\src\hotspot\share\interpreter\linkResolver.cpp, line 773]
Event: 2.271 Thread 0x000001e6d560d470 Exception <a 'java/lang/NoSuchMethodError'{0x00000007159fcca0}: 'void java.lang.invoke.DelegatingMethodHandle$Holder.delegate(java.lang.Object, java.lang.Object, int, java.lang.Object)'> (0x00000007159fcca0) 
thrown [s\open\src\hotspot\share\interpreter\linkResolver.cpp, line 773]
Event: 2.273 Thread 0x000001e6d560d470 Exception <a 'java/lang/NoSuchMethodError'{0x0000000715601030}: 'int java.lang.invoke.DirectMethodHandle$Holder.invokeSpecial(java.lang.Object, java.lang.Object, java.lang.Object)'> (0x0000000715601030) 
thrown [s\open\src\hotspot\share\interpreter\linkResolver.cpp, line 773]
Event: 2.313 Thread 0x000001e6d560d470 Exception <a 'java/lang/NoSuchMethodError'{0x000000071561cda8}: 'void java.lang.System.loadLibrary(java.lang.String, java.lang.Class)'> (0x000000071561cda8) 
thrown [s\open\src\hotspot\share\interpreter\linkResolver.cpp, line 773]
Event: 2.601 Thread 0x000001e6d560d470 Exception <a 'sun/nio/fs/WindowsException'{0x00000007156de248}> (0x00000007156de248) 
thrown [s\open\src\hotspot\share\prims\jni.cpp, line 520]
Event: 2.604 Thread 0x000001e6d560d470 Exception <a 'sun/nio/fs/WindowsException'{0x00000007156df860}> (0x00000007156df860) 
thrown [s\open\src\hotspot\share\prims\jni.cpp, line 520]
Event: 2.693 Thread 0x000001e6d560d470 Exception <a 'sun/nio/fs/WindowsException'{0x0000000715715f78}> (0x0000000715715f78) 
thrown [s\open\src\hotspot\share\prims\jni.cpp, line 520]
Event: 2.694 Thread 0x000001e6d560d470 Exception <a 'sun/nio/fs/WindowsException'{0x00000007157162f8}> (0x00000007157162f8) 
thrown [s\open\src\hotspot\share\prims\jni.cpp, line 520]
Event: 2.752 Thread 0x000001e6d560d470 Exception <a 'java/lang/NoSuchMethodError'{0x00000007157824f8}: 'int java.lang.invoke.DirectMethodHandle$Holder.invokeStaticInit(java.lang.Object, java.lang.Object, int, long)'> (0x00000007157824f8) 
thrown [s\open\src\hotspot\share\interpreter\linkResolver.cpp, line 773]
Event: 2.756 Thread 0x000001e6d560d470 Exception <a 'java/lang/NoSuchMethodError'{0x0000000715787558}: 'java.lang.Object java.lang.invoke.DirectMethodHandle$Holder.newInvokeSpecial(java.lang.Object, java.lang.Object, int)'> (0x0000000715787558) 
thrown [s\open\src\hotspot\share\interpreter\linkResolver.cpp, line 773]
Event: 2.769 Thread 0x000001e6d560d470 Exception <a 'java/lang/NoSuchMethodError'{0x000000071579a9c8}: 'int java.lang.invoke.DirectMethodHandle$Holder.invokeStaticInit(java.lang.Object, java.lang.Object, long, long)'> (0x000000071579a9c8) 
thrown [s\open\src\hotspot\share\interpreter\linkResolver.cpp, line 773]
Event: 2.772 Thread 0x000001e6d560d470 Exception <a 'java/lang/NoSuchMethodError'{0x00000007157a0230}: 'java.lang.Object java.lang.invoke.DirectMethodHandle$Holder.newInvokeSpecial(java.lang.Object, java.lang.Object, long)'> (0x00000007157a0230) 
thrown [s\open\src\hotspot\share\interpreter\linkResolver.cpp, line 773]
Event: 2.775 Thread 0x000001e6d560d470 Exception <a 'java/lang/NoSuchMethodError'{0x00000007157a3fe8}: 'java.lang.Object java.lang.invoke.Invokers$Holder.linkToTargetMethod(java.lang.Object, long, java.lang.Object)'> (0x00000007157a3fe8) 
thrown [s\open\src\hotspot\share\interpreter\linkResolver.cpp, line 773]
Event: 2.779 Thread 0x000001e6d560d470 Exception <a 'java/lang/NoSuchMethodError'{0x00000007157ab070}: 'int java.lang.invoke.DirectMethodHandle$Holder.invokeStaticInit(java.lang.Object, java.lang.Object, java.lang.Object, long)'> (0x00000007157ab070) 
thrown [s\open\src\hotspot\share\interpreter\linkResolver.cpp, line 773]

ZGC Phase Switch (0 events):
No events

VM Operations (10 events):
Event: 0.511 Executing VM operation: HandshakeAllThreads (Deoptimize)
Event: 0.511 Executing VM operation: HandshakeAllThreads (Deoptimize) done
Event: 1.513 Executing VM operation: Cleanup
Event: 1.513 Executing VM operation: Cleanup done
Event: 1.724 Executing VM operation: ChangeBreakpoints
Event: 1.725 Executing VM operation: ChangeBreakpoints done
Event: 1.734 Executing VM operation: ChangeBreakpoints
Event: 1.734 Executing VM operation: ChangeBreakpoints done
Event: 2.744 Executing VM operation: Cleanup
Event: 2.744 Executing VM operation: Cleanup done

Events (14 events):
Event: 0.195 Thread 0x000001e6d560d470 Thread added: 0x000001e6d560d470
Event: 0.260 Thread 0x000001e6f6750670 Thread added: 0x000001e6f6750670
Event: 0.261 Thread 0x000001e6f6752440 Thread added: 0x000001e6f6752440
Event: 0.262 Thread 0x000001e6f67555d0 Thread added: 0x000001e6f67555d0
Event: 0.262 Thread 0x000001e6f6756390 Thread added: 0x000001e6f6756390
Event: 0.262 Thread 0x000001e6f6756df0 Thread added: 0x000001e6f6756df0
Event: 0.263 Thread 0x000001e6f6759990 Thread added: 0x000001e6f6759990
Event: 0.263 Thread 0x000001e6f67668f0 Thread added: 0x000001e6f67668f0
Event: 0.264 Thread 0x000001e6f67694d0 Thread added: 0x000001e6f67694d0
Event: 0.478 Thread 0x000001e6f69230a0 Thread added: 0x000001e6f69230a0
Event: 0.629 Thread 0x000001e6f6b5fff0 Thread added: 0x000001e6f6b5fff0
Event: 0.631 Thread 0x000001e6f6b62ec0 Thread added: 0x000001e6f6b62ec0
Event: 0.632 Thread 0x000001e6f6b63540 Thread added: 0x000001e6f6b63540
Event: 1.829 Thread 0x000001e6f6a64a40 Thread added: 0x000001e6f6a64a40


Dynamic libraries:
0x00007ff73a190000 - 0x00007ff73a19e000 	C:\Users\wingyee\.jdks\openjdk-21.0.2\bin\java.exe
0x00007ff806e30000 - 0x00007ff807046000 	C:\WINDOWS\SYSTEM32\ntdll.dll
0x00007ff8061b0000 - 0x00007ff806274000 	C:\WINDOWS\System32\KERNEL32.DLL
0x00007ff8041d0000 - 0x00007ff804577000 	C:\WINDOWS\System32\KERNELBASE.dll
0x00007ff801140000 - 0x00007ff8011d7000 	C:\WINDOWS\SYSTEM32\apphelp.dll
0x00007ff804580000 - 0x00007ff804691000 	C:\WINDOWS\System32\ucrtbase.dll
0x00007ffff9380000 - 0x00007ffff9398000 	C:\Users\wingyee\.jdks\openjdk-21.0.2\bin\jli.dll
0x00007ffff9360000 - 0x00007ffff937b000 	C:\Users\wingyee\.jdks\openjdk-21.0.2\bin\VCRUNTIME140.dll
0x00007ff8068b0000 - 0x00007ff806a5e000 	C:\WINDOWS\System32\USER32.dll
0x00007ff8046a0000 - 0x00007ff8046c6000 	C:\WINDOWS\System32\win32u.dll
0x00007ff8057b0000 - 0x00007ff8057d9000 	C:\WINDOWS\System32\GDI32.dll
0x00007ff8046d0000 - 0x00007ff8047e9000 	C:\WINDOWS\System32\gdi32full.dll
0x00007ff804a90000 - 0x00007ff804b2a000 	C:\WINDOWS\System32\msvcp_win.dll
0x00007ffff20c0000 - 0x00007ffff2353000 	C:\WINDOWS\WinSxS\amd64_microsoft.windows.common-controls_6595b64144ccf1df_6.0.22621.3235_none_270f74e173860f98\COMCTL32.dll
0x00007ff805700000 - 0x00007ff8057a7000 	C:\WINDOWS\System32\msvcrt.dll
0x00007ff806c20000 - 0x00007ff806c51000 	C:\WINDOWS\System32\IMM32.DLL
0x00007ffff9350000 - 0x00007ffff935c000 	C:\Users\wingyee\.jdks\openjdk-21.0.2\bin\vcruntime140_1.dll
0x00007fffc4700000 - 0x00007fffc478e000 	C:\Users\wingyee\.jdks\openjdk-21.0.2\bin\msvcp140.dll
0x00007fff92660000 - 0x00007fff93377000 	C:\Users\wingyee\.jdks\openjdk-21.0.2\bin\server\jvm.dll
0x00007ff805900000 - 0x00007ff8059b2000 	C:\WINDOWS\System32\ADVAPI32.dll
0x00007ff804b60000 - 0x00007ff804c08000 	C:\WINDOWS\System32\sechost.dll
0x00007ff804b30000 - 0x00007ff804b58000 	C:\WINDOWS\System32\bcrypt.dll
0x00007ff806c60000 - 0x00007ff806d75000 	C:\WINDOWS\System32\RPCRT4.dll
0x00007ff806430000 - 0x00007ff8064a1000 	C:\WINDOWS\System32\WS2_32.dll
0x00007ff802ff0000 - 0x00007ff80303d000 	C:\WINDOWS\SYSTEM32\POWRPROF.dll
0x00007ffffc5a0000 - 0x00007ffffc5d4000 	C:\WINDOWS\SYSTEM32\WINMM.dll
0x00007ff801dc0000 - 0x00007ff801dca000 	C:\WINDOWS\SYSTEM32\VERSION.dll
0x00007ff802fd0000 - 0x00007ff802fe3000 	C:\WINDOWS\SYSTEM32\UMPDC.dll
0x00007ff803280000 - 0x00007ff803298000 	C:\WINDOWS\SYSTEM32\kernel.appcore.dll
0x00007ff801cd0000 - 0x00007ff801cda000 	C:\Users\wingyee\.jdks\openjdk-21.0.2\bin\jimage.dll
0x00007ffff9820000 - 0x00007ffff9a53000 	C:\WINDOWS\SYSTEM32\DBGHELP.DLL
0x00007ff8064b0000 - 0x00007ff806838000 	C:\WINDOWS\System32\combase.dll
0x00007ff805be0000 - 0x00007ff805cb7000 	C:\WINDOWS\System32\OLEAUT32.dll
0x00007ffff3f80000 - 0x00007ffff3fb2000 	C:\WINDOWS\SYSTEM32\dbgcore.DLL
0x00007ff804150000 - 0x00007ff8041c9000 	C:\WINDOWS\System32\bcryptPrimitives.dll
0x00007fffea640000 - 0x00007fffea67c000 	C:\Users\wingyee\.jdks\openjdk-21.0.2\bin\jdwp.dll
0x00007fffff4e0000 - 0x00007fffff4ef000 	C:\Users\wingyee\.jdks\openjdk-21.0.2\bin\instrument.dll
0x00007ffff93f0000 - 0x00007ffff940f000 	C:\Users\wingyee\.jdks\openjdk-21.0.2\bin\java.dll
0x00007ffff93b0000 - 0x00007ffff93c8000 	C:\Users\wingyee\.jdks\openjdk-21.0.2\bin\zip.dll
0x00007ff804ea0000 - 0x00007ff8056fc000 	C:\WINDOWS\System32\SHELL32.dll
0x00007ff8020c0000 - 0x00007ff8029b9000 	C:\WINDOWS\SYSTEM32\windows.storage.dll
0x00007ff801f80000 - 0x00007ff8020be000 	C:\WINDOWS\SYSTEM32\wintypes.dll
0x00007ff805ae0000 - 0x00007ff805bd3000 	C:\WINDOWS\System32\SHCORE.dll
0x00007ff806d90000 - 0x00007ff806dee000 	C:\WINDOWS\System32\shlwapi.dll
0x00007ff804080000 - 0x00007ff8040a1000 	C:\WINDOWS\SYSTEM32\profapi.dll
0x00007fffd6c70000 - 0x00007fffd6d47000 	C:\Users\wingyee\.jdks\openjdk-21.0.2\bin\jsvml.dll
0x00007fffff4d0000 - 0x00007fffff4dc000 	C:\Users\wingyee\.jdks\openjdk-21.0.2\bin\dt_socket.dll
0x00007ff802c90000 - 0x00007ff802cbd000 	C:\WINDOWS\SYSTEM32\IPHLPAPI.DLL
0x00007ff8036f0000 - 0x00007ff803759000 	C:\WINDOWS\system32\mswsock.dll
0x00007ff801cc0000 - 0x00007ff801cd0000 	C:\Users\wingyee\.jdks\openjdk-21.0.2\bin\net.dll
0x00007ffffcb90000 - 0x00007ffffccc6000 	C:\WINDOWS\SYSTEM32\WINHTTP.dll
0x00007ffff93d0000 - 0x00007ffff93e6000 	C:\Users\wingyee\.jdks\openjdk-21.0.2\bin\nio.dll
0x00007fffd6d90000 - 0x00007fffd6e05000 	C:\Users\wingyee\AppData\Local\Temp\lwjglwingyee\3.3.1-build-7\lwjgl.dll
0x00007fffd6bc0000 - 0x00007fffd6c21000 	C:\Users\wingyee\AppData\Local\Temp\lwjglwingyee\3.3.1-build-7\glfw.dll

dbghelp: loaded successfully - version: 4.0.5 - missing functions: none
symbol engine: initialized successfully - sym options: 0x614 - pdb path: .;C:\Users\wingyee\.jdks\openjdk-21.0.2\bin;C:\WINDOWS\SYSTEM32;C:\WINDOWS\WinSxS\amd64_microsoft.windows.common-controls_6595b64144ccf1df_6.0.22621.3235_none_270f74e173860f98;C:\Users\wingyee\.jdks\openjdk-21.0.2\bin\server;C:\Users\wingyee\AppData\Local\Temp\lwjglwingyee\3.3.1-build-7

VM Arguments:
jvm_args: -agentlib:jdwp=transport=dt_socket,address=127.0.0.1:2592,suspend=y,server=n -javaagent:C:\Users\wingyee\AppData\Local\JetBrains\IdeaIC2024.1\captureAgent\debugger-agent.jar -Dfile.encoding=UTF-8 -Dsun.stdout.encoding=UTF-8 -Dsun.stderr.encoding=UTF-8 
java_command: ShadowMario
java_class_path (initial): F:\wingyeeh-project-2\project-2-skeleton\target\classes;C:\Users\wingyee\.m2\repository\org\lwjgl\lwjgl\3.3.1\lwjgl-3.3.1.jar;C:\Users\wingyee\.m2\repository\org\lwjgl\lwjgl-assimp\3.3.1\lwjgl-assimp-3.3.1.jar;C:\Users\wingyee\.m2\repository\org\lwjgl\lwjgl-glfw\3.3.1\lwjgl-glfw-3.3.1.jar;C:\Users\wingyee\.m2\repository\org\lwjgl\lwjgl-openal\3.3.1\lwjgl-openal-3.3.1.jar;C:\Users\wingyee\.m2\repository\org\lwjgl\lwjgl-opengl\3.3.1\lwjgl-opengl-3.3.1.jar;C:\Users\wingyee\.m2\repository\org\lwjgl\lwjgl-stb\3.3.1\lwjgl-stb-3.3.1.jar;C:\Users\wingyee\.m2\repository\org\lwjgl\lwjgl\3.3.1\lwjgl-3.3.1-natives-windows.jar;C:\Users\wingyee\.m2\repository\org\lwjgl\lwjgl-assimp\3.3.1\lwjgl-assimp-3.3.1-natives-windows.jar;C:\Users\wingyee\.m2\repository\org\lwjgl\lwjgl-glfw\3.3.1\lwjgl-glfw-3.3.1-natives-windows.jar;C:\Users\wingyee\.m2\repository\org\lwjgl\lwjgl-openal\3.3.1\lwjgl-openal-3.3.1-natives-windows.jar;C:\Users\wingyee\.m2\repository\org\lwjgl\lwjgl-opengl\3.3.1\lwjgl-opengl-3.3.1-natives-windows.jar;C:\Users\wingyee\.m2\repository\org\lwjgl\lwjgl-stb\3.3.1\lwjgl-stb-3.3.1-natives-windows.jar;C:\Users\wingyee\.m2\repository\io\github\eleanor-em\bagel\1.9.3\bagel-1.9.3.jar;C:\Users\wingyee\AppData\Local\Programs\IntelliJ IDEA Community Edition\lib\idea_rt.jar
Launcher Type: SUN_STANDARD

[Global flags]
     intx CICompilerCount                          = 4                                         {product} {ergonomic}
     uint ConcGCThreads                            = 2                                         {product} {ergonomic}
     uint G1ConcRefinementThreads                  = 8                                         {product} {ergonomic}
   size_t G1HeapRegionSize                         = 2097152                                   {product} {ergonomic}
    uintx GCDrainStackTargetSize                   = 64                                        {product} {ergonomic}
   size_t InitialHeapSize                          = 262144000                                 {product} {ergonomic}
   size_t MarkStackSize                            = 4194304                                   {product} {ergonomic}
   size_t MaxHeapSize                              = 4190109696                                {product} {ergonomic}
   size_t MaxNewSize                               = 2512388096                                {product} {ergonomic}
   size_t MinHeapDeltaBytes                        = 2097152                                   {product} {ergonomic}
   size_t MinHeapSize                              = 8388608                                   {product} {ergonomic}
    uintx NonNMethodCodeHeapSize                   = 5839372                                {pd product} {ergonomic}
    uintx NonProfiledCodeHeapSize                  = 122909434                              {pd product} {ergonomic}
    uintx ProfiledCodeHeapSize                     = 122909434                              {pd product} {ergonomic}
    uintx ReservedCodeCacheSize                    = 251658240                              {pd product} {ergonomic}
     bool SegmentedCodeCache                       = true                                      {product} {ergonomic}
   size_t SoftMaxHeapSize                          = 4190109696                             {manageable} {ergonomic}
     bool UseCompressedOops                        = true                           {product lp64_product} {ergonomic}
     bool UseG1GC                                  = true                                      {product} {ergonomic}
     bool UseLargePagesIndividualAllocation        = false                                  {pd product} {ergonomic}

Logging:
Log output configuration:
 #0: stdout all=warning uptime,level,tags foldmultilines=false
 #1: stderr all=off uptime,level,tags foldmultilines=false

Environment Variables:
PATH=C:\WINDOWS\system32;C:\WINDOWS;C:\WINDOWS\System32\Wbem;C:\WINDOWS\System32\WindowsPowerShell\v1.0\;C:\Program Files\IDM Computer Solutions\UltraEdit;C:\WINDOWS\System32\OpenSSH\;C:\Program Files\dotnet\;C:\Program Files (x86)\dotnet\;D:\msys2\mingw64\bin;D:\APP\bin;D:\Git\cmd;C:\Users\wingyee\AppData\Local\Microsoft\WindowsApps;C:\Users\wingyee\.dotnet\tools;D:\Microsoft VS Code\bin;C:\Users\wingyee\AppData\Local\GitHubDesktop\bin;D:\APP\PyCharm Community Edition 2022.3.3\bin;D:\Download google\mongosh-2.0.2-win32-x64\mongosh-2.0.2-win32-x64\bin;D:\IntelliJ IDEA Community Edition 2023.3.4\bin;C:\Users\wingyee\AppData\Local\JetBrains\Toolbox\scripts
USERNAME=wingyee
OS=Windows_NT
PROCESSOR_IDENTIFIER=Intel64 Family 6 Model 142 Stepping 12, GenuineIntel
TMP=C:\Users\wingyee\AppData\Local\Temp
TEMP=C:\Users\wingyee\AppData\Local\Temp




Periodic native trim disabled

---------------  S Y S T E M  ---------------

OS:
 Windows 11 , 64 bit Build 22621 (10.0.22621.3374)
OS uptime: 0 days 1:32 hours

CPU: total 8 (initial active 8) (4 cores per cpu, 2 threads per core) family 6 model 142 stepping 12 microcode 0xf0, cx8, cmov, fxsr, ht, mmx, 3dnowpref, sse, sse2, sse3, ssse3, sse4.1, sse4.2, popcnt, lzcnt, tsc, tscinvbit, avx, avx2, aes, erms, clmul, bmi1, bmi2, adx, fma, vzeroupper, clflush, clflushopt, rdtscp, f16c
Processor Information for all 8 processors :
  Max Mhz: 2101, Current Mhz: 400, Mhz Limit: 1680

Memory: 4k page, system-wide physical 15977M (6232M free)
TotalPageFile size 26729M (AvailPageFile size 14378M)
current process WorkingSet (physical memory assigned to process): 49M, peak: 49M
current process commit charge ("private bytes"): 338M, peak: 338M

vm_info: OpenJDK 64-Bit Server VM (21.0.2+13-58) for windows-amd64 JRE (21.0.2+13-58), built on 2024-01-05T18:32:24Z by "mach5one" with MS VC++ 17.1 (VS2022)

END.
